10-08 01:14:01 Kicad_action_plugins.replicate_layout.action_replicate_layout 305:Plugin executed on: 'darwin'
10-08 01:14:01 Kicad_action_plugins.replicate_layout.action_replicate_layout 306:Plugin executed with python version: '2.7.16 (default, Dec 23 2020, 16:11:24) \n[GCC 4.2.1 Compatible Apple LLVM 10.0.1 (clang-1001.0.46.4)]'
10-08 01:14:01 Kicad_action_plugins.replicate_layout.action_replicate_layout 307:KiCad build version: (5.1.9-0-10_14)
10-08 01:14:01 Kicad_action_plugins.replicate_layout.action_replicate_layout 308:Replicate layout plugin version: 70 started
10-08 01:14:01 Kicad_action_plugins.replicate_layout.action_replicate_layout 340:Preparing replicator with SW1 as a reference
10-08 01:14:01 Kicad_action_plugins.replicate_layout.replicatelayout 215:getting project hierarchy from schematics
10-08 01:14:01 Kicad_action_plugins.replicate_layout.replicatelayout 217:Project hierarchy looks like:
{u'614F1BC6': [u'sheet614F1BC4', u'/Users/wingtangwong/Documents/KICAD/PROJECTS/MX-KEY-SWITCH-BOARD/one-key.sch'], u'614F1A10': [u'sheet614F1A0E', u'/Users/wingtangwong/Documents/KICAD/PROJECTS/MX-KEY-SWITCH-BOARD/one-key.sch'], u'614F26AE': [u'sheet614F26AC', u'/Users/wingtangwong/Documents/KICAD/PROJECTS/MX-KEY-SWITCH-BOARD/one-key.sch'], u'614F1C92': [u'sheet614F1C90', u'/Users/wingtangwong/Documents/KICAD/PROJECTS/MX-KEY-SWITCH-BOARD/one-key.sch'], u'61619BDC': [u'sheet61619BD4', u'/Users/wingtangwong/Documents/KICAD/PROJECTS/MX-KEY-SWITCH-BOARD/one-key.sch'], u'614F1A82': [u'sheet614F1A80', u'/Users/wingtangwong/Documents/KICAD/PROJECTS/MX-KEY-SWITCH-BOARD/one-key.sch'], u'614F1B69': [u'sheet614F1B67', u'/Users/wingtangwong/Documents/KICAD/PROJECTS/MX-KEY-SWITCH-BOARD/one-key.sch'], u'614F1CE6': [u'sheet614F1CE4', u'/Users/wingtangwong/Documents/KICAD/PROJECTS/MX-KEY-SWITCH-BOARD/one-key.sch'], u'61619BD8': [u'sheet61619BD2', u'/Users/wingtangwong/Documents/KICAD/PROJECTS/MX-KEY-SWITCH-BOARD/one-key.sch'], u'614F2672': [u'sheet614F2670', u'/Users/wingtangwong/Documents/KICAD/PROJECTS/MX-KEY-SWITCH-BOARD/one-key.sch'], u'614F1AF6': [u'sheet614F1AF4', u'/Users/wingtangwong/Documents/KICAD/PROJECTS/MX-KEY-SWITCH-BOARD/one-key.sch'], u'614F1C27': [u'sheet614F1C25', u'/Users/wingtangwong/Documents/KICAD/PROJECTS/MX-KEY-SWITCH-BOARD/one-key.sch'], u'61619BDA': [u'sheet61619BD3', u'/Users/wingtangwong/Documents/KICAD/PROJECTS/MX-KEY-SWITCH-BOARD/one-key.sch'], u'614F178C': [u'1KEY-MAIN', u'/Users/wingtangwong/Documents/KICAD/PROJECTS/MX-KEY-SWITCH-BOARD/one-key.sch'], u'614F1D62': [u'sheet614F1D60', u'/Users/wingtangwong/Documents/KICAD/PROJECTS/MX-KEY-SWITCH-BOARD/one-key.sch'], u'61619BD6': [u'sheet61619BD1', u'/Users/wingtangwong/Documents/KICAD/PROJECTS/MX-KEY-SWITCH-BOARD/one-key.sch']}
10-08 01:14:01 Kicad_action_plugins.replicate_layout.replicatelayout 225:getting a list of all footprints on board
10-08 01:14:01 Kicad_action_plugins.replicate_layout.action_replicate_layout 367:source anchor footprint is u'SW1'
Located on:[u'sheet614F2670']
With filenames:[u'one-key.sch']
With sheet_id:[u'sheet614F2670']
10-08 01:14:01 Kicad_action_plugins.replicate_layout.action_replicate_layout 371:Corresponding footprints are 
[(u'SW16', [u'sheet61619BD4']), (u'SW15', [u'sheet61619BD3']), (u'SW14', [u'sheet61619BD2']), (u'SW13', [u'sheet61619BD1']), (u'SW12', [u'sheet614F26AC']), (u'SW11', [u'sheet614F1D60']), (u'SW10', [u'sheet614F1CE4']), (u'SW9', [u'sheet614F1C90']), (u'SW8', [u'sheet614F1C25']), (u'SW7', [u'sheet614F1BC4']), (u'SW6', [u'sheet614F1B67']), (u'SW5', [u'sheet614F1AF4']), (u'SW4', [u'sheet614F1A80']), (u'SW3', [u'sheet614F1A0E']), (u'SW2', [u'1KEY-MAIN']), (u'SW1', [u'sheet614F2670'])]
10-08 01:14:01 Kicad_action_plugins.replicate_layout.action_replicate_layout 384:Showing dialog
10-08 01:14:01 Kicad_action_plugins.replicate_layout.action_replicate_layout 388:Pcbnew position: wx.Point(0, 20)
10-08 01:14:01 Kicad_action_plugins.replicate_layout.action_replicate_layout 394:Display 0: wx.Rect(0, 0, 1680, 1050)
10-08 01:14:01 Kicad_action_plugins.replicate_layout.action_replicate_layout 398:Toolbar position: wx.Point(1474, 126)
10-08 01:14:01 Kicad_action_plugins.replicate_layout.action_replicate_layout 405:Dialog position: wx.Point(1161, 126)
10-08 01:14:04 Kicad_action_plugins.replicate_layout.replicatelayout 249:construcing a list of sheets suitable for replication on level:u'sheet614F2670', file:u'one-key.sch'
10-08 01:14:04 Kicad_action_plugins.replicate_layout.replicatelayout 256:Source sheet path up to the level:[u'sheet614F2670']
10-08 01:14:04 Kicad_action_plugins.replicate_layout.replicatelayout 260:Footprints on the sheets:
[u'SW16', u'SW15', u'SW14', u'SW13', u'SW12', u'SW11', u'SW10', u'SW9', u'SW8', u'SW7', u'SW6', u'SW5', u'SW4', u'SW3', u'SW2', u'SW1']
10-08 01:14:04 Kicad_action_plugins.replicate_layout.replicatelayout 263:Footprints raw sheet ids:
[u'/61619BDC/614F0979', u'/61619BDA/614F0979', u'/61619BD8/614F0979', u'/61619BD6/614F0979', u'/614F26AE/614F0979', u'/614F1D62/614F0979', u'/614F1CE6/614F0979', u'/614F1C92/614F0979', u'/614F1C27/614F0979', u'/614F1BC6/614F0979', u'/614F1B69/614F0979', u'/614F1AF6/614F0979', u'/614F1A82/614F0979', u'/614F1A10/614F0979', u'/614F178C/614F0979', u'/614F2672/614F0979']
10-08 01:14:04 Kicad_action_plugins.replicate_layout.replicatelayout 279:All sheets to replicate:
[[u'sheet61619BD4'], [u'sheet61619BD3'], [u'sheet61619BD2'], [u'sheet61619BD1'], [u'sheet614F26AC'], [u'sheet614F1D60'], [u'sheet614F1CE4'], [u'sheet614F1C90'], [u'sheet614F1C25'], [u'sheet614F1BC4'], [u'sheet614F1B67'], [u'sheet614F1AF4'], [u'sheet614F1A80'], [u'sheet614F1A0E'], [u'1KEY-MAIN'], [u'sheet614F2670']]
10-08 01:14:04 Kicad_action_plugins.replicate_layout.replicatelayout 284:All sheets to replicate sorted:
[[u'1KEY-MAIN'], [u'sheet614F1A0E'], [u'sheet614F1A80'], [u'sheet614F1AF4'], [u'sheet614F1B67'], [u'sheet614F1BC4'], [u'sheet614F1C25'], [u'sheet614F1C90'], [u'sheet614F1CE4'], [u'sheet614F1D60'], [u'sheet614F2670'], [u'sheet614F26AC'], [u'sheet61619BD1'], [u'sheet61619BD2'], [u'sheet61619BD3'], [u'sheet61619BD4']]
10-08 01:14:04 Kicad_action_plugins.replicate_layout.replicatelayout 290:All sheets to replicate sorted and without source sheet:
[[u'1KEY-MAIN'], [u'sheet614F1A0E'], [u'sheet614F1A80'], [u'sheet614F1AF4'], [u'sheet614F1B67'], [u'sheet614F1BC4'], [u'sheet614F1C25'], [u'sheet614F1C90'], [u'sheet614F1CE4'], [u'sheet614F1D60'], [u'sheet614F26AC'], [u'sheet61619BD1'], [u'sheet61619BD2'], [u'sheet61619BD3'], [u'sheet61619BD4']]
10-08 01:14:24 Kicad_action_plugins.replicate_layout.replicatelayout 249:construcing a list of sheets suitable for replication on level:u'sheet614F2670', file:u'one-key.sch'
10-08 01:14:24 Kicad_action_plugins.replicate_layout.replicatelayout 256:Source sheet path up to the level:[u'sheet614F2670']
10-08 01:14:24 Kicad_action_plugins.replicate_layout.replicatelayout 260:Footprints on the sheets:
[u'SW16', u'SW15', u'SW14', u'SW13', u'SW12', u'SW11', u'SW10', u'SW9', u'SW8', u'SW7', u'SW6', u'SW5', u'SW4', u'SW3', u'SW2', u'SW1']
10-08 01:14:24 Kicad_action_plugins.replicate_layout.replicatelayout 263:Footprints raw sheet ids:
[u'/61619BDC/614F0979', u'/61619BDA/614F0979', u'/61619BD8/614F0979', u'/61619BD6/614F0979', u'/614F26AE/614F0979', u'/614F1D62/614F0979', u'/614F1CE6/614F0979', u'/614F1C92/614F0979', u'/614F1C27/614F0979', u'/614F1BC6/614F0979', u'/614F1B69/614F0979', u'/614F1AF6/614F0979', u'/614F1A82/614F0979', u'/614F1A10/614F0979', u'/614F178C/614F0979', u'/614F2672/614F0979']
10-08 01:14:24 Kicad_action_plugins.replicate_layout.replicatelayout 279:All sheets to replicate:
[[u'sheet61619BD4'], [u'sheet61619BD3'], [u'sheet61619BD2'], [u'sheet61619BD1'], [u'sheet614F26AC'], [u'sheet614F1D60'], [u'sheet614F1CE4'], [u'sheet614F1C90'], [u'sheet614F1C25'], [u'sheet614F1BC4'], [u'sheet614F1B67'], [u'sheet614F1AF4'], [u'sheet614F1A80'], [u'sheet614F1A0E'], [u'1KEY-MAIN'], [u'sheet614F2670']]
10-08 01:14:24 Kicad_action_plugins.replicate_layout.replicatelayout 284:All sheets to replicate sorted:
[[u'1KEY-MAIN'], [u'sheet614F1A0E'], [u'sheet614F1A80'], [u'sheet614F1AF4'], [u'sheet614F1B67'], [u'sheet614F1BC4'], [u'sheet614F1C25'], [u'sheet614F1C90'], [u'sheet614F1CE4'], [u'sheet614F1D60'], [u'sheet614F2670'], [u'sheet614F26AC'], [u'sheet61619BD1'], [u'sheet61619BD2'], [u'sheet61619BD3'], [u'sheet61619BD4']]
10-08 01:14:24 Kicad_action_plugins.replicate_layout.replicatelayout 290:All sheets to replicate sorted and without source sheet:
[[u'1KEY-MAIN'], [u'sheet614F1A0E'], [u'sheet614F1A80'], [u'sheet614F1AF4'], [u'sheet614F1B67'], [u'sheet614F1BC4'], [u'sheet614F1C25'], [u'sheet614F1C90'], [u'sheet614F1CE4'], [u'sheet614F1D60'], [u'sheet614F26AC'], [u'sheet61619BD1'], [u'sheet61619BD2'], [u'sheet61619BD3'], [u'sheet61619BD4']]
10-08 01:14:24 Kicad_action_plugins.replicate_layout.action_replicate_layout 179:Replicating layout
10-08 01:14:24 Kicad_action_plugins.replicate_layout.replicatelayout 994:Starting replication of sheets: [[u'sheet61619BD1'], [u'sheet61619BD2'], [u'sheet61619BD3'], [u'sheet61619BD4']]
on level: [u'sheet614F2670']
with tracks=True, zone=True, text=True, containing=False, remove=False, locked=True
10-08 01:14:24 root 261:updating GUI message: 'Preparing for replication'
10-08 01:14:24 Kicad_action_plugins.replicate_layout.replicatelayout 556:Getting the list of source footprints
10-08 01:14:24 root 266:updating GUI with: 0
10-08 01:14:24 Kicad_action_plugins.replicate_layout.replicatelayout 560:Getting the list of all the remaining footprints
10-08 01:14:24 Kicad_action_plugins.replicate_layout.replicatelayout 564:Getting nets local to source footprints
10-08 01:14:24 Kicad_action_plugins.replicate_layout.replicatelayout 568:Getting source bounding box
10-08 01:14:24 root 266:updating GUI with: 37
10-08 01:14:24 Kicad_action_plugins.replicate_layout.replicatelayout 572:Getting source tracks
10-08 01:14:24 Kicad_action_plugins.replicate_layout.replicatelayout 576:Getting source zones
10-08 01:14:24 root 266:updating GUI with: 62
10-08 01:14:24 Kicad_action_plugins.replicate_layout.replicatelayout 580:Getting source text items
10-08 01:14:24 Kicad_action_plugins.replicate_layout.replicatelayout 584:Getting source text items
10-08 01:14:24 root 266:updating GUI with: 100
10-08 01:14:24 root 261:updating GUI message: 'Replicating footprints'
10-08 01:14:24 Kicad_action_plugins.replicate_layout.replicatelayout 590:Replicating footprints
10-08 01:14:24 root 266:updating GUI with: 0
10-08 01:14:24 Kicad_action_plugins.replicate_layout.replicatelayout 596:Replicating footprints on sheet [u'sheet61619BD1']
10-08 01:14:24 root 266:updating GUI with: 21
10-08 01:14:24 Kicad_action_plugins.replicate_layout.replicatelayout 596:Replicating footprints on sheet [u'sheet61619BD2']
10-08 01:14:24 root 266:updating GUI with: 32
10-08 01:14:24 root 266:updating GUI with: 49
10-08 01:14:24 Kicad_action_plugins.replicate_layout.replicatelayout 596:Replicating footprints on sheet [u'sheet61619BD3']
10-08 01:14:24 root 266:updating GUI with: 64
10-08 01:14:24 root 266:updating GUI with: 75
10-08 01:14:24 Kicad_action_plugins.replicate_layout.replicatelayout 596:Replicating footprints on sheet [u'sheet61619BD4']
10-08 01:14:24 root 261:updating GUI message: 'Replicating tracks'
10-08 01:14:24 root 266:updating GUI with: 0
10-08 01:14:24 Kicad_action_plugins.replicate_layout.replicatelayout 720:Replicating tracks
10-08 01:14:24 Kicad_action_plugins.replicate_layout.replicatelayout 726:Replicating tracks on sheet [u'sheet61619BD1']
10-08 01:14:24 root 266:updating GUI with: 0
10-08 01:14:24 Kicad_action_plugins.replicate_layout.replicatelayout 726:Replicating tracks on sheet [u'sheet61619BD2']
10-08 01:14:24 root 266:updating GUI with: 25
10-08 01:14:24 Kicad_action_plugins.replicate_layout.replicatelayout 726:Replicating tracks on sheet [u'sheet61619BD3']
10-08 01:14:24 root 266:updating GUI with: 50
10-08 01:14:24 Kicad_action_plugins.replicate_layout.replicatelayout 726:Replicating tracks on sheet [u'sheet61619BD4']
10-08 01:14:24 root 266:updating GUI with: 75
10-08 01:14:24 root 261:updating GUI message: 'Replicating zones'
10-08 01:14:24 Kicad_action_plugins.replicate_layout.replicatelayout 771:Replicating zones
10-08 01:14:24 root 266:updating GUI with: 0
10-08 01:14:24 Kicad_action_plugins.replicate_layout.replicatelayout 778:Replicating zones on sheet [u'sheet61619BD1']
10-08 01:14:24 root 266:updating GUI with: 25
10-08 01:14:24 Kicad_action_plugins.replicate_layout.replicatelayout 778:Replicating zones on sheet [u'sheet61619BD2']
10-08 01:14:24 root 266:updating GUI with: 50
10-08 01:14:24 Kicad_action_plugins.replicate_layout.replicatelayout 778:Replicating zones on sheet [u'sheet61619BD3']
10-08 01:14:24 root 266:updating GUI with: 75
10-08 01:14:24 Kicad_action_plugins.replicate_layout.replicatelayout 778:Replicating zones on sheet [u'sheet61619BD4']
10-08 01:14:24 root 266:updating GUI with: 87
10-08 01:14:24 root 261:updating GUI message: 'Replicating text'
10-08 01:14:24 Kicad_action_plugins.replicate_layout.replicatelayout 837:Replicating text
10-08 01:14:24 root 266:updating GUI with: 0
10-08 01:14:24 Kicad_action_plugins.replicate_layout.replicatelayout 844:Replicating text on sheet [u'sheet61619BD1']
10-08 01:14:24 Kicad_action_plugins.replicate_layout.replicatelayout 844:Replicating text on sheet [u'sheet61619BD2']
10-08 01:14:24 Kicad_action_plugins.replicate_layout.replicatelayout 844:Replicating text on sheet [u'sheet61619BD3']
10-08 01:14:24 Kicad_action_plugins.replicate_layout.replicatelayout 844:Replicating text on sheet [u'sheet61619BD4']
10-08 01:14:24 root 261:updating GUI message: 'Replicating drawings'
10-08 01:14:24 Kicad_action_plugins.replicate_layout.replicatelayout 868:Replicating drawings
10-08 01:14:24 Kicad_action_plugins.replicate_layout.replicatelayout 874:Replicating drawings on sheet [u'sheet61619BD1']
10-08 01:14:24 Kicad_action_plugins.replicate_layout.replicatelayout 874:Replicating drawings on sheet [u'sheet61619BD2']
10-08 01:14:24 Kicad_action_plugins.replicate_layout.replicatelayout 874:Replicating drawings on sheet [u'sheet61619BD3']
10-08 01:14:24 Kicad_action_plugins.replicate_layout.replicatelayout 874:Replicating drawings on sheet [u'sheet61619BD4']
10-08 01:14:24 Kicad_action_plugins.replicate_layout.action_replicate_layout 201:Replication complete
